Arguments: 
  /usr/local/bin/node /usr/local/bin/yarn

PATH: 
  /Users/gtaja/Library/Android/sdk/platform-tools:/Users/gtaja/Library/Tools/:/usr/local/bin:/users/gtaja/go/bin:/usr/local/bin:/usr/bin:/bin:/usr/sbin:/sbin:/usr/local/share/dotnet:~/.dotnet/tools:/Library/Apple/usr/bin:/Library/Frameworks/Mono.framework/Versions/Current/Commands

Yarn version: 
  1.22.11

Node version: 
  14.17.6

Platform: 
  darwin x64

Trace: 
  SyntaxError: /Users/gtaja/Documents/PulsarAI/technical-tests/typescript-backend-developer/package.json: Unexpected token } in JSON at position 638
      at JSON.parse (<anonymous>)
      at /usr/local/lib/node_modules/yarn/lib/cli.js:1625:59
      at Generator.next (<anonymous>)
      at step (/usr/local/lib/node_modules/yarn/lib/cli.js:310:30)
      at /usr/local/lib/node_modules/yarn/lib/cli.js:321:13

npm manifest: 
  {
    "name": "typescript-backend-developer",
    "version": "1.0.0",
    "main": "index.js",
    "repository": "git@gitlab.com:pulsar-ai-public/technical-tests/typescript-backend-developer.git",
    "author": "LaGregance <gregoire.taja@gmail.com>",
    "license": "MIT",
    "devDependencies": {
      "@types/node": "^17.0.28",
      "@typescript-eslint/eslint-plugin": "3.9.1",
      "@typescript-eslint/parser": "3.9.1",
      "eslint": "7.7.0",
      "eslint-config-prettier": "^6.10.0",
      "eslint-plugin-import": "^2.20.1",
      "prettier": "^2.5.1",
      "ts-node": "^10.7.0",
      "typescript": "^4.6.3"
    },
    "dependencies": {
      "axios": "^0.27.1",
    }
  }

yarn manifest: 
  No manifest

Lockfile: 
  No lockfile
